<?xml version="1.0" encoding="UTF-8"?>
<!-- Generated by org.testng.reporters.JUnitReportReporter -->
<testsuite hostname="DESKTOP-1AFPQKU" failures="0" tests="2" name="testCases.TC_001_AccountRegistrationTest" time="13.900" errors="0" timestamp="2023-12-12T14:14:27 IST" skipped="0">
  <testcase classname="testCases.TC_001_AccountRegistrationTest" name="test_account_Registration" time="7.403"/>
  <testcase classname="testCases.TC_001_AccountRegistrationTest" name="test_account_Registration" time="6.497"/>
</testsuite> <!-- testCases.TC_001_AccountRegistrationTest -->
