<?xml version="1.0" encoding="UTF-8"?>
<!-- Generated by org.testng.reporters.JUnitReportReporter -->
<testsuite hostname="DESKTOP-1AFPQKU" failures="0" tests="1" name="testCases.TC_001_AccountRegistrationTest" time="4.417" errors="0" timestamp="2023-12-13T12:48:54 IST" skipped="0">
  <testcase classname="testCases.TC_001_AccountRegistrationTest" name="test_account_Registration" time="4.417"/>
</testsuite> <!-- testCases.TC_001_AccountRegistrationTest -->
